[2m2020-10-18 15:47:58 [0m [32m INFO[0m Execution started.
[2m2020-10-18 15:47:58 [0m [32m INFO[0m Started marshalling of vascularNetworks/bifur.json
[2m2020-10-18 15:47:58 [0m [32m INFO[0m Marshalling of vascularNetworks/bifur.json done
[2m2020-10-18 15:52:31 [0m [32m INFO[0m Execution started.
[2m2020-10-18 15:52:31 [0m [32m INFO[0m Started marshalling of vascularNetworks/bifur.json
[2m2020-10-18 15:52:31 [0m [32m INFO[0m Marshalling of vascularNetworks/bifur.json done
[2m2020-10-18 15:55:02 [0m [32m INFO[0m Execution started.
[2m2020-10-18 15:55:02 [0m [32m INFO[0m Started marshalling of vascularNetworks/bifur.json
[2m2020-10-18 16:13:14 [0m [32m INFO[0m Execution started.
[2m2020-10-18 16:13:14 [0m [32m INFO[0m Started marshalling of vascularNetworks/bifur.json
[2m2020-10-18 16:13:14 [0m [32m INFO[0m Marshalling of vascularNetworks/bifur.json done
[2m2020-10-18 16:13:37 [0m [32m INFO[0m Execution started.
[2m2020-10-18 16:13:37 [0m [32m INFO[0m Started marshalling of vascularNetworks/bifur.json
[2m2020-10-18 16:13:37 [0m [32m INFO[0m Marshalling of vascularNetworks/bifur.json done
[2m2020-10-18 16:22:27 [0m [32m INFO[0m Execution started.
[2m2020-10-18 16:22:27 [0m [32m INFO[0m Started marshalling of vascularNetworks/bifur.json
[2m2020-10-18 16:22:27 [0m [32m INFO[0m Marshalling of vascularNetworks/bifur.json done
[2m2020-10-18 16:30:51 [0m [32m INFO[0m Execution started.
[2m2020-10-18 16:30:51 [0m [32m INFO[0m Started marshalling of vascularNetworks/bifur.json
[2m2020-10-18 16:30:51 [0m [32m INFO[0m Marshalling of vascularNetworks/bifur.json done
[2m2020-10-18 16:32:16 [0m [32m INFO[0m Execution started.
[2m2020-10-18 16:32:16 [0m [32m INFO[0m Started marshalling of vascularNetworks/bifur.json
[2m2020-10-18 16:32:16 [0m [32m INFO[0m Marshalling of vascularNetworks/bifur.json done
[2m2020-10-18 16:32:55 [0m [32m INFO[0m Execution started.
[2m2020-10-18 16:32:55 [0m [32m INFO[0m Started marshalling of vascularNetworks/bifur.json
[2m2020-10-18 16:32:55 [0m [32m INFO[0m Marshalling of vascularNetworks/bifur.json done
[2m2020-10-18 16:33:19 [0m [32m INFO[0m Execution started.
[2m2020-10-18 16:33:19 [0m [32m INFO[0m Started marshalling of vascularNetworks/bifur.json
[2m2020-10-18 16:33:19 [0m [32m INFO[0m Marshalling of vascularNetworks/bifur.json done
[2m2020-10-18 16:34:13 [0m [32m INFO[0m Execution started.
[2m2020-10-18 16:34:13 [0m [32m INFO[0m Started marshalling of vascularNetworks/bifur.json
[2m2020-10-18 16:34:13 [0m [32m INFO[0m Marshalling of vascularNetworks/bifur.json done
[2m2020-10-18 16:45:36 [0m [32m INFO[0m Execution started.
[2m2020-10-18 16:45:36 [0m [32m INFO[0m Started marshalling of vascularNetworks/bifur.json
[2m2020-10-18 16:45:36 [0m [32m INFO[0m Marshalling of vascularNetworks/bifur.json done
[2m2020-10-18 16:47:56 [0m [32m INFO[0m Execution started.
[2m2020-10-18 16:47:56 [0m [32m INFO[0m Started marshalling of vascularNetworks/bifur.json
[2m2020-10-18 16:47:56 [0m [32m INFO[0m Marshalling of vascularNetworks/bifur.json done
[2m2020-10-18 16:50:50 [0m [32m INFO[0m Execution started.
[2m2020-10-18 16:50:50 [0m [32m INFO[0m Started marshalling of vascularNetworks/bifur.json
[2m2020-10-18 16:50:50 [0m [32m INFO[0m Marshalling of vascularNetworks/bifur.json done
[2m2020-10-18 16:52:58 [0m [32m INFO[0m Execution started.
[2m2020-10-18 16:52:58 [0m [32m INFO[0m Started marshalling of vascularNetworks/bifur.json
[2m2020-10-18 16:52:58 [0m [32m INFO[0m Marshalling of vascularNetworks/bifur.json done
[2m2020-10-18 16:57:23 [0m [32m INFO[0m Execution started.
[2m2020-10-18 16:57:23 [0m [32m INFO[0m Started marshalling of vascularNetworks/bifur.json
[2m2020-10-18 16:57:23 [0m [32m INFO[0m Marshalling of vascularNetworks/bifur.json done
[2m2020-10-18 16:59:30 [0m [32m INFO[0m Execution started.
[2m2020-10-18 16:59:30 [0m [32m INFO[0m Started marshalling of vascularNetworks/bifur.json
[2m2020-10-18 16:59:30 [0m [32m INFO[0m Marshalling of vascularNetworks/bifur.json done
[2m2020-10-18 17:00:42 [0m [32m INFO[0m Execution started.
[2m2020-10-18 17:00:42 [0m [32m INFO[0m Started marshalling of vascularNetworks/bifur.json
[2m2020-10-18 17:00:42 [0m [32m INFO[0m Marshalling of vascularNetworks/bifur.json done
[2m2020-10-18 17:13:10 [0m [32m INFO[0m Execution started.
[2m2020-10-18 17:13:10 [0m [32m INFO[0m Started marshalling of vascularNetworks/bifur.json
[2m2020-10-18 17:13:10 [0m [32m INFO[0m Marshalling of vascularNetworks/bifur.json done
[2m2020-10-18 17:13:36 [0m [32m INFO[0m Execution started.
[2m2020-10-18 17:13:36 [0m [32m INFO[0m Started marshalling of vascularNetworks/bifur.json
[2m2020-10-18 17:13:36 [0m [32m INFO[0m Marshalling of vascularNetworks/bifur.json done
[2m2020-10-18 17:15:52 [0m [32m INFO[0m Execution started.
[2m2020-10-18 17:15:52 [0m [32m INFO[0m Started marshalling of vascularNetworks/bifur.json
[2m2020-10-18 17:15:52 [0m [32m INFO[0m Marshalling of vascularNetworks/bifur.json done
[2m2020-10-18 17:22:13 [0m [32m INFO[0m Execution started.
[2m2020-10-18 17:22:13 [0m [32m INFO[0m Started marshalling of vascularNetworks/bifur.json
[2m2020-10-18 17:22:13 [0m [32m INFO[0m Marshalling of vascularNetworks/bifur.json done
[2m2020-10-18 17:23:28 [0m [32m INFO[0m Execution started.
[2m2020-10-18 17:23:28 [0m [32m INFO[0m Started marshalling of vascularNetworks/bifur.json
[2m2020-10-18 17:23:28 [0m [32m INFO[0m Marshalling of vascularNetworks/bifur.json done
[2m2020-10-18 17:24:05 [0m [32m INFO[0m Execution started.
[2m2020-10-18 17:24:05 [0m [32m INFO[0m Started marshalling of vascularNetworks/bifur.json
[2m2020-10-18 17:24:05 [0m [32m INFO[0m Marshalling of vascularNetworks/bifur.json done
[2m2020-10-18 17:24:30 [0m [32m INFO[0m Execution started.
[2m2020-10-18 17:24:30 [0m [32m INFO[0m Started marshalling of vascularNetworks/bifur.json
[2m2020-10-18 17:24:30 [0m [32m INFO[0m Marshalling of vascularNetworks/bifur.json done
[2m2020-10-18 17:24:40 [0m [32m INFO[0m Execution started.
[2m2020-10-18 17:24:40 [0m [32m INFO[0m Started marshalling of vascularNetworks/bifur.json
[2m2020-10-18 17:24:40 [0m [32m INFO[0m Marshalling of vascularNetworks/bifur.json done
[2m2020-10-18 17:25:15 [0m [32m INFO[0m Execution started.
[2m2020-10-18 17:25:15 [0m [32m INFO[0m Started marshalling of vascularNetworks/bifur.json
[2m2020-10-18 17:25:15 [0m [32m INFO[0m Marshalling of vascularNetworks/bifur.json done
[2m2020-10-18 17:25:36 [0m [32m INFO[0m Execution started.
[2m2020-10-18 17:25:36 [0m [32m INFO[0m Started marshalling of vascularNetworks/bifur.json
[2m2020-10-18 17:25:36 [0m [32m INFO[0m Marshalling of vascularNetworks/bifur.json done
[2m2020-10-18 17:26:15 [0m [32m INFO[0m Execution started.
[2m2020-10-18 17:26:15 [0m [32m INFO[0m Started marshalling of vascularNetworks/bifur.json
[2m2020-10-18 17:26:15 [0m [32m INFO[0m Marshalling of vascularNetworks/bifur.json done
[2m2020-10-18 17:27:32 [0m [32m INFO[0m Execution started.
[2m2020-10-18 17:27:32 [0m [32m INFO[0m Started marshalling of vascularNetworks/bifur.json
[2m2020-10-18 17:27:32 [0m [32m INFO[0m Marshalling of vascularNetworks/bifur.json done
[2m2020-10-18 17:27:32 [0m [32m INFO[0m Marshalling of inlet done: [
    (
        0.0,
        -0.0000005239489231023916,
    ),
    (
        0.011111111111111112,
        -0.0000018100435439476498,
    ),
    (
        0.022222222222222223,
        -0.0000041067522632036525,
    ),
    (
        0.03333333333333333,
        -0.000006307155406759067,
    ),
    (
        0.044444444444444446,
        -0.000007453316028919027,
    ),
    (
        0.05555555555555556,
        -0.000007309722996010778,
    ),
    (
        0.06666666666666667,
        -0.000006197508131371585,
    ),
    (
        0.07777777777777778,
        -0.000004412937386033051,
    ),
    (
        0.08888888888888889,
        -0.0000018657841785520975,
    ),
    (
        0.1,
        0.0000017652732479474204,
    ),
    (
        0.11111111111111112,
        0.000006625078440213616,
    ),
    (
        0.12222222222222223,
        0.000012521047534338974,
    ),
    (
        0.13333333333333333,
        0.00001920573178717305,
    ),
    (
        0.14444444444444446,
        0.00002677024308819679,
    ),
    (
        0.15555555555555556,
        0.000035629261210357544,
    ),
    (
        0.16666666666666669,
        0.000045987676974545756,
    ),
    (
        0.17777777777777778,
        0.00005727420543835722,
    ),
    (
        0.18888888888888888,
        0.00006813722078324622,
    ),
    (
        0.2,
        0.00007707321840328036,
    ),
    (
        0.2111111111111111,
        0.00008316552026728771,
    ),
    (
        0.22222222222222224,
        0.00008636129978080215,
    ),
    (
        0.23333333333333334,
        0.00008718360874086027,
    ),
    (
        0.24444444444444446,
        0.00008623107266273787,
    ),
    (
        0.2555555555555556,
        0.00008387275860560687,
    ),
    (
        0.26666666666666666,
        0.00008026984295557316,
    ),
    (
        0.2777777777777778,
        0.00007555489242274063,
    ),
    (
        0.2888888888888889,
        0.0000699117427312061,
    ),
    (
        0.3,
        0.00006347783338191834,
    ),
    (
        0.3111111111111111,
        0.00005626067660094026,
    ),
    (
        0.32222222222222224,
        0.00004828992549022266,
    ),
    (
        0.33333333333333337,
        0.00003989393478370252,
    ),
    (
        0.34444444444444444,
        0.000031685271242933454,
    ),
    (
        0.35555555555555557,
        0.000024084914759868133,
    ),
    (
        0.3666666666666667,
        0.000016859282637901018,
    ),
    (
        0.37777777777777777,
        0.000009332803157868674,
    ),
    (
        0.3888888888888889,
        0.0000012214593864760583,
    ),
    (
        0.4,
        -0.000006810527145834715,
    ),
    (
        0.41111111111111115,
        -0.000013581802403069742,
    ),
    (
        0.4222222222222222,
        -0.00001838636713962991,
    ),
    (
        0.43333333333333335,
        -0.000021432909717493387,
    ),
    (
        0.4444444444444445,
        -0.000023298720608838835,
    ),
    (
        0.45555555555555555,
        -0.000024166929995310723,
    ),
    (
        0.4666666666666667,
        -0.000023795164353942506,
    ),
    (
        0.4777777777777778,
        -0.00002214276017953383,
    ),
    (
        0.48888888888888893,
        -0.000019747268692960723,
    ),
    (
        0.5,
        -0.00001734254538386544,
    ),
    (
        0.5111111111111112,
        -0.000015222312567562203,
    ),
    (
        0.5222222222222223,
        -0.000013130990085347027,
    ),
    (
        0.5333333333333333,
        -0.000010749768515070475,
    ),
    (
        0.5444444444444445,
        -0.00000815177853291741,
    ),
    (
        0.5555555555555556,
        -0.000005748893785602687,
    ),
    (
        0.5666666666666667,
        -0.000003904220464966048,
    ),
    (
        0.5777777777777778,
        -0.0000026862855565113874,
    ),
    (
        0.5888888888888889,
        -0.000001952846777477423,
    ),
    (
        0.6,
        -0.000001557977158573066,
    ),
    (
        0.6111111111111112,
        -0.0000014281069846904577,
    ),
    (
        0.6222222222222222,
        -0.000001491732694493029,
    ),
    (
        0.6333333333333333,
        -0.0000016338488939164212,
    ),
    (
        0.6444444444444445,
        -0.0000017859259250625494,
    ),
    (
        0.6555555555555556,
        -0.000002051507851562523,
    ),
    (
        0.6666666666666667,
        -0.0000026638638289703594,
    ),
    (
        0.6777777777777778,
        -0.00000373954705096039,
    ),
    (
        0.6888888888888889,
        -0.00000507624428974302,
    ),
    (
        0.7000000000000001,
        -0.000006269804766542887,
    ),
    (
        0.7111111111111111,
        -0.000007071058511233772,
    ),
    (
        0.7222222222222222,
        -0.000007575742239734087,
    ),
    (
        0.7333333333333334,
        -0.000008014752219741599,
    ),
    (
        0.7444444444444445,
        -0.000008419865022937886,
    ),
    (
        0.7555555555555555,
        -0.000008600209680439257,
    ),
    (
        0.7666666666666667,
        -0.000008429971494648806,
    ),
    (
        0.7777777777777778,
        -0.000008022938266533514,
    ),
    (
        0.788888888888889,
        -0.000007566095801927186,
    ),
    (
        0.8,
        -0.000007098279433111552,
    ),
    (
        0.8111111111111111,
        -0.0000065689907297123774,
    ),
    (
        0.8222222222222223,
        -0.0000060376010302512776,
    ),
    (
        0.8333333333333334,
        -0.000005643254574514989,
    ),
    (
        0.8444444444444444,
        -0.000005375199879333458,
    ),
    (
        0.8555555555555556,
        -0.0000050566085030298054,
    ),
    (
        0.8666666666666667,
        -0.0000046523119856960045,
    ),
    (
        0.8777777777777778,
        -0.000004447961326576372,
    ),
    (
        0.888888888888889,
        -0.000004748228476792333,
    ),
    (
        0.9,
        -0.000005448030853072816,
    ),
    (
        0.9111111111111111,
        -0.000006087928154143909,
    ),
    (
        0.9222222222222223,
        -0.000006355140246645856,
    ),
    (
        0.9333333333333333,
        -0.0000063534991995404074,
    ),
    (
        0.9444444444444445,
        -0.000006299503166887456,
    ),
    (
        0.9555555555555556,
        -0.000006133293284942809,
    ),
    (
        0.9666666666666667,
        -0.000005628094249643692,
    ),
    (
        0.9777777777777779,
        -0.000004804947720027944,
    ),
    (
        0.9888888888888889,
        -0.000003992908349549956,
    ),
    (
        1.0,
        -0.0000034258249006984867,
    ),
    (
        1.011111111111111,
        -0.000002988425260950394,
    ),
    (
        1.0222222222222224,
        -0.0000025020291127481872,
    ),
    (
        1.0333333333333334,
        -0.0000020977314714096503,
    ),
    (
        1.0444444444444445,
        -0.0000020530440797348015,
    ),
    (
        1.0555555555555556,
        -0.0000022744487302530898,
    ),
    (
        1.0666666666666667,
        -0.000002220509840415812,
    ),
    (
        1.0777777777777777,
        -0.0000015314644351575322,
    ),
    (
        1.088888888888889,
        -0.0000006373840759172933,
    ),
    (
        1.1,
        -0.0000005239489231024034,
    ),
]
[2m2020-10-18 17:29:12 [0m [32m INFO[0m Execution started.
[2m2020-10-18 17:29:12 [0m [32m INFO[0m Unmarshalled vascularNetworks/bifur.json
[2m2020-10-18 17:29:12 [0m [32m INFO[0m Unmarshalled vascularNetworks/adan56_inlet.dat
[2m   0.039626371s[0m [32m INFO[0m Execution started.
[2m   0.040425553s[0m [32m INFO[0m Unmarshalled vascularNetworks/bifur.json
[2m   0.041470150s[0m [32m INFO[0m Unmarshalled vascularNetworks/adan56_inlet.dat
[2m   0.035474870s[0m [32m INFO[0m Execution started.
[2m   0.036321250s[0m [32m INFO[0m Unmarshalled vascularNetworks/bifur.json
[2m   0.037348987s[0m [32m INFO[0m Unmarshalled vascularNetworks/adan56_inlet.dat
[2m   0.035089877s[0m [32m INFO[0m Execution started.
[2m   0.035895987s[0m [32m INFO[0m Unmarshalled vascularNetworks/bifur.json
[2m   0.036909873s[0m [32m INFO[0m Unmarshalled vascularNetworks/adan56_inlet.dat
[2m2020-10-18 17:36:38 [0m [32m INFO[0m Execution started.
[2m2020-10-18 17:36:38 [0m [32m INFO[0m Unmarshalled vascularNetworks/bifur.json
[2m2020-10-18 17:36:38 [0m [32m INFO[0m Unmarshalled vascularNetworks/adan56_inlet.dat
[2m   0.034831225s[0m [32m INFO[0m Execution started.
[2m   0.035679281s[0m [32m INFO[0m Unmarshalled vascularNetworks/bifur.json
[2m   0.036676530s[0m [32m INFO[0m Unmarshalled vascularNetworks/adan56_inlet.dat
[2m   0.035076463s[0m [32m INFO[0m Execution started.
[2m   0.035937782s[0m [32m INFO[0m Unmarshalled vascularNetworks/bifur.json
[2m   0.036937498s[0m [32m INFO[0m Unmarshalled vascularNetworks/adan56_inlet.dat
[2m0 (+36650816.2020-10-18 18:08:54s)[0m [32m INFO[0m Execution started.
[2m0 (+37472959.2020-10-18 18:08:54s)[0m [32m INFO[0m Unmarshalled vascularNetworks/bifur.json
[2m0 (+38510633.2020-10-18 18:08:54s)[0m [32m INFO[0m Unmarshalled vascularNetworks/adan56_inlet.dat
[2m2020-10-18 18:09:14 (+   0.035932555s)[0m [32m INFO[0m Execution started.
[2m2020-10-18 18:09:14 (+   0.036776849s)[0m [32m INFO[0m Unmarshalled vascularNetworks/bifur.json
[2m2020-10-18 18:09:14 (+   0.037801823s)[0m [32m INFO[0m Unmarshalled vascularNetworks/adan56_inlet.dat
[2m2020-10-18 18:09:36 (+0000.036504296s)[0m [32m INFO[0m Execution started.
[2m2020-10-18 18:09:36 (+0000.037337066s)[0m [32m INFO[0m Unmarshalled vascularNetworks/bifur.json
[2m2020-10-18 18:09:36 (+0000.038418416s)[0m [32m INFO[0m Unmarshalled vascularNetworks/adan56_inlet.dat
[2m2020-10-18 18:09:55 (+000.35404915s)[0m [32m INFO[0m Execution started.
[2m2020-10-18 18:09:55 (+000.36241688s)[0m [32m INFO[0m Unmarshalled vascularNetworks/bifur.json
[2m2020-10-18 18:09:55 (+000.37260711s)[0m [32m INFO[0m Unmarshalled vascularNetworks/adan56_inlet.dat
[2m2020-10-18 18:10:11 (+000.35310893s)[0m [32m INFO[0m Execution started.
[2m2020-10-18 18:10:11 (+000.36140247s)[0m [32m INFO[0m Unmarshalled vascularNetworks/bifur.json
[2m2020-10-18 18:10:11 (+000.37139642s)[0m [32m INFO[0m Unmarshalled vascularNetworks/adan56_inlet.dat
[2m2020-10-18 18:10:24 (+000.39279199s)[0m [32m INFO[0m Execution started.
[2m2020-10-18 18:10:24 (+000.40084416s)[0m [32m INFO[0m Unmarshalled vascularNetworks/bifur.json
[2m2020-10-18 18:10:24 (+000.41101140s)[0m [32m INFO[0m Unmarshalled vascularNetworks/adan56_inlet.dat
[2m2020-10-18 18:10:32 (+000.35272095s)[0m [32m INFO[0m Execution started.
[2m2020-10-18 18:10:32 (+000.36148281s)[0m [32m INFO[0m Unmarshalled vascularNetworks/bifur.json
[2m2020-10-18 18:10:32 (+000.37172656s)[0m [32m INFO[0m Unmarshalled vascularNetworks/adan56_inlet.dat
[2m2020-10-18 18:10:44 (+000.36179861s)[0m [32m INFO[0m Execution started.
[2m2020-10-18 18:10:44 (+000.36987518s)[0m [32m INFO[0m Unmarshalled vascularNetworks/bifur.json
[2m2020-10-18 18:10:44 (+000.38025238s)[0m [32m INFO[0m Unmarshalled vascularNetworks/adan56_inlet.dat
[2m2020-10-18 18:12:57 (+000.000037s)[0m [32m INFO[0m Execution started.
[2m2020-10-18 18:12:57 (+000.000038s)[0m [32m INFO[0m Unmarshalled vascularNetworks/bifur.json
[2m2020-10-18 18:12:57 (+000.000039s)[0m [32m INFO[0m Unmarshalled vascularNetworks/adan56_inlet.dat
[2m2020-10-18 18:13:08 (+000.040s)[0m [32m INFO[0m Execution started.
[2m2020-10-18 18:13:08 (+000.041s)[0m [32m INFO[0m Unmarshalled vascularNetworks/bifur.json
[2m2020-10-18 18:13:08 (+000.042s)[0m [32m INFO[0m Unmarshalled vascularNetworks/adan56_inlet.dat
[2m2020-10-18 18:13:22 (+000.037559s)[0m [32m INFO[0m Execution started.
[2m2020-10-18 18:13:22 (+000.038384s)[0m [32m INFO[0m Unmarshalled vascularNetworks/bifur.json
[2m2020-10-18 18:13:22 (+000.039417s)[0m [32m INFO[0m Unmarshalled vascularNetworks/adan56_inlet.dat
[2m2020-10-18 18:15:55 (+000.030081s)[0m [32m INFO[0m Execution started.
[2m2020-10-18 18:15:55 (+000.030905s)[0m [32m INFO[0m Unmarshalled vascularNetworks/bifur.json
[2m2020-10-18 18:15:55 (+000.032049s)[0m [32m INFO[0m Unmarshalled vascularNetworks/adan56_inlet.dat
[2m2020-10-18 18:16:33 (+000.035199s)[0m [32m INFO[0m Execution started.
[2m2020-10-18 18:16:33 (+000.036033s)[0m [32m INFO[0m Unmarshalled vascularNetworks/bifur.json
[2m2020-10-18 18:16:33 (+000.037067s)[0m [32m INFO[0m Unmarshalled vascularNetworks/adan56_inlet.dat
[2m2020-10-18 18:16:50 (+000.005309s)[0m [32m INFO[0m Execution started.
[2m2020-10-18 18:16:50 (+000.005856s)[0m [32m INFO[0m Unmarshalled vascularNetworks/bifur.json
[2m2020-10-18 18:16:50 (+000.006009s)[0m [32m INFO[0m Unmarshalled vascularNetworks/adan56_inlet.dat
[2m2020-10-18 18:17:36 (+000.035333s)[0m [32m INFO[0m Execution started.
[2m2020-10-18 18:17:36 (+000.036194s)[0m [32m INFO[0m Unmarshalled vascularNetworks/bifur.json
[2m2020-10-18 18:17:36 (+000.037239s)[0m [32m INFO[0m Unmarshalled vascularNetworks/adan56_inlet.dat
[2m2020-10-18 18:17:50 (+000.035029s)[0m [32m INFO[0m Execution started.
[2m2020-10-18 18:17:50 (+000.035894s)[0m [32m INFO[0m Unmarshalled vascularNetworks/bifur.json
[2m2020-10-18 18:17:50 (+000.036943s)[0m [32m INFO[0m Unmarshalled vascularNetworks/adan56_inlet.dat
[2m2020-10-18 18:18:10 (+000.046700s)[0m [32m INFO[0m Execution started.
[2m2020-10-18 18:18:10 (+000.047766s)[0m [32m INFO[0m Unmarshalled vascularNetworks/bifur.json
[2m2020-10-18 18:18:36 (+000.035813s)[0m [32m INFO[0m Execution started.
[2m2020-10-18 18:18:36 (+000.036728s)[0m [32m INFO[0m Unmarshalled vascularNetworks/bifur.json
[2m2020-10-18 18:18:36 (+000.037769s)[0m [32m INFO[0m Unmarshalled vascularNetworks/adan56_inlet.dat
[2m2020-10-18 18:27:47 (+000.038928s)[0m [32m INFO[0m Execution started.
[2m2020-10-18 18:27:47 (+000.039786s)[0m [32m INFO[0m Unmarshalled vascularNetworks/bifur.json
[2m2020-10-18 18:27:47 (+000.040888s)[0m [32m INFO[0m Unmarshalled vascularNetworks/adan56_inlet.dat
[2m2020-10-18 18:51:43 (+000.035851s)[0m [32m INFO[0m Execution started.
[2m2020-10-18 18:51:43 (+000.036632s)[0m [32m INFO[0m Unmarshalled vascularNetworks/bifur.json
[2m2020-10-18 18:51:43 (+000.037692s)[0m [32m INFO[0m Unmarshalled vascularNetworks/adan56_inlet.dat
[2m2020-10-18 19:02:37 (+000.035638s)[0m [32m INFO[0m Execution started.
[2m2020-10-18 19:02:57 (+000.036011s)[0m [32m INFO[0m Execution started.
[2m2020-10-18 19:02:57 (+000.036769s)[0m [32m INFO[0m Unmarshalled vascularNetworks/bifur.json
[2m2020-10-18 19:02:57 (+000.037824s)[0m [32m INFO[0m Unmarshalled vascularNetworks/adan56_inlet.dat
[2m2020-10-18 19:02:57 (+000.038014s)[0m [32m INFO[0m Uniformly interpolated inflow
[2m2020-10-18 19:05:59 (+000.035732s)[0m [32m INFO[0m Execution started.
[2m2020-10-18 19:05:59 (+000.036550s)[0m [32m INFO[0m Unmarshalled vascularNetworks/bifur.json
[2m2020-10-18 19:05:59 (+000.037591s)[0m [32m INFO[0m Unmarshalled vascularNetworks/adan56_inlet.dat
[2m2020-10-18 19:05:59 (+000.037856s)[0m [32m INFO[0m Uniformly interpolated inflow
[2m2020-10-18 19:19:32 (+000.036415s)[0m [32m INFO[0m Execution started.
[2m2020-10-18 19:19:32 (+000.037197s)[0m [32m INFO[0m Unmarshalled vascularNetworks/bifur.json
[2m2020-10-18 19:19:32 (+000.038330s)[0m [32m INFO[0m Unmarshalled vascularNetworks/adan56_inlet.dat
[2m2020-10-18 19:19:32 (+000.038588s)[0m [32m INFO[0m Uniformly interpolated inflow
[2m2020-10-18 19:20:11 (+000.038292s)[0m [32m INFO[0m Execution started.
[2m2020-10-18 19:20:11 (+000.039082s)[0m [32m INFO[0m Unmarshalled vascularNetworks/bifur.json
[2m2020-10-18 19:20:11 (+000.040166s)[0m [32m INFO[0m Unmarshalled vascularNetworks/adan56_inlet.dat
[2m2020-10-18 19:20:11 (+000.040488s)[0m [32m INFO[0m Uniformly interpolated inflow
[2m2020-10-18 19:22:00 (+000.037595s)[0m [32m INFO[0m Execution started.
[2m2020-10-18 19:22:00 (+000.038495s)[0m [32m INFO[0m Unmarshalled vascularNetworks/bifur.json
[2m2020-10-18 19:22:00 (+000.039838s)[0m [32m INFO[0m Unmarshalled vascularNetworks/adan56_inlet.dat
[2m2020-10-18 19:22:00 (+000.040155s)[0m [32m INFO[0m Uniformly interpolated inflow
[2m2020-10-18 19:22:43 (+000.037657s)[0m [32m INFO[0m Execution started.
[2m2020-10-18 19:22:43 (+000.038427s)[0m [32m INFO[0m Unmarshalled vascularNetworks/bifur.json
[2m2020-10-18 19:22:43 (+000.039534s)[0m [32m INFO[0m Unmarshalled vascularNetworks/adan56_inlet.dat
[2m2020-10-18 19:22:43 (+000.039870s)[0m [32m INFO[0m Uniformly interpolated inflow
[2m2020-10-18 19:23:29 (+000.037505s)[0m [32m INFO[0m Execution started.
[2m2020-10-18 19:23:29 (+000.038281s)[0m [32m INFO[0m Unmarshalled vascularNetworks/bifur.json
[2m2020-10-18 19:23:29 (+000.039427s)[0m [32m INFO[0m Unmarshalled vascularNetworks/adan56_inlet.dat
[2m2020-10-18 19:23:29 (+000.039725s)[0m [32m INFO[0m Uniformly interpolated inflow
[2m2020-10-18 19:24:48 (+000.035976s)[0m [32m INFO[0m Execution started.
[2m2020-10-18 19:24:48 (+000.036745s)[0m [32m INFO[0m Unmarshalled vascularNetworks/bifur.json
[2m2020-10-18 19:24:48 (+000.037797s)[0m [32m INFO[0m Unmarshalled vascularNetworks/adan56_inlet.dat
[2m2020-10-18 19:26:04 (+000.036481s)[0m [32m INFO[0m Execution started.
[2m2020-10-18 19:26:04 (+000.037329s)[0m [32m INFO[0m Unmarshalled vascularNetworks/bifur.json
[2m2020-10-18 19:26:04 (+000.038370s)[0m [32m INFO[0m Unmarshalled vascularNetworks/adan56_inlet.dat
[2m2020-10-18 19:26:04 (+000.038820s)[0m [32m INFO[0m Uniformly interpolated inflow
[2m2020-10-18 19:26:21 (+000.036206s)[0m [32m INFO[0m Execution started.
[2m2020-10-18 19:26:21 (+000.036972s)[0m [32m INFO[0m Unmarshalled vascularNetworks/bifur.json
[2m2020-10-18 19:26:21 (+000.038128s)[0m [32m INFO[0m Unmarshalled vascularNetworks/adan56_inlet.dat
[2m2020-10-18 19:26:21 (+000.038511s)[0m [32m INFO[0m Uniformly interpolated inflow
[2m2020-10-18 19:26:29 (+000.036507s)[0m [32m INFO[0m Execution started.
[2m2020-10-18 19:26:29 (+000.037446s)[0m [32m INFO[0m Unmarshalled vascularNetworks/bifur.json
[2m2020-10-18 19:26:29 (+000.038595s)[0m [32m INFO[0m Unmarshalled vascularNetworks/adan56_inlet.dat
[2m2020-10-18 19:26:29 (+000.038962s)[0m [32m INFO[0m Uniformly interpolated inflow
[2m2020-10-18 19:29:15 (+000.036302s)[0m [32m INFO[0m Execution started.
[2m2020-10-18 19:29:15 (+000.037067s)[0m [32m INFO[0m Unmarshalled vascularNetworks/bifur.json
[2m2020-10-18 19:29:15 (+000.038133s)[0m [32m INFO[0m Unmarshalled vascularNetworks/adan56_inlet.dat
[2m2020-10-18 19:29:15 (+000.038357s)[0m [32m INFO[0m Uniformly interpolated inflow
[2m2020-10-18 19:40:11 (+000.037358s)[0m [32m INFO[0m Execution started.
[2m2020-10-18 19:40:11 (+000.038199s)[0m [32m INFO[0m Unmarshalled vascularNetworks/bifur.json
[2m2020-10-18 19:40:11 (+000.039239s)[0m [32m INFO[0m Unmarshalled vascularNetworks/adan56_inlet.dat
[2m2020-10-18 19:40:11 (+000.039432s)[0m [32m INFO[0m Uniformly interpolated inflow
[2m2020-10-18 19:40:36 (+000.036415s)[0m [32m INFO[0m Execution started.
[2m2020-10-18 19:40:36 (+000.037297s)[0m [32m INFO[0m Unmarshalled vascularNetworks/bifur.json
[2m2020-10-18 19:40:36 (+000.038450s)[0m [32m INFO[0m Unmarshalled vascularNetworks/adan56_inlet.dat
[2m2020-10-18 19:40:36 (+000.038644s)[0m [32m INFO[0m Uniformly interpolated inflow
[2m2020-10-18 20:39:12 (+000.036759s)[0m [32m INFO[0m Execution started.
[2m2020-10-18 20:39:12 (+000.037548s)[0m [32m INFO[0m Unmarshalled vascularNetworks/bifur.json
[2m2020-10-18 20:39:12 (+000.038637s)[0m [32m INFO[0m Unmarshalled vascularNetworks/adan56_inlet.dat
